# JRE version: OpenJDK Runtime Environment (18.0.1.1+2) (build 18.0.1.1+2-6)
# Java VM: OpenJDK 64-Bit Server VM (18.0.1.1+2-6, mixed mode, sharing, tiered, compressed oops, compressed class ptrs, g1 gc, windows-amd64)
GC Precious Log:
 CardTable entry size: 512
 Card Set container configuration: InlinePtr #cards 5 size 8 Array Of Cards #cards 12 size 40 Howl #buckets 4 coarsen threshold 1843 Howl Bitmap #cards 512 size 80 coarsen threshold 460 Card regions per heap region 1 cards per card region 2048
 CPUs: 8 total, 8 available
 Memory: 8072M
 Large Page Support: Disabled
 NUMA Support: Disabled
 Compressed Oops: Enabled (32-bit)
 Heap Region Size: 1M
 Heap Min Capacity: 8M
 Heap Initial Capacity: 128M
 Heap Max Capacity: 2020M
 Pre-touch: Disabled
 Parallel Workers: 8
 Concurrent Workers: 2
 Concurrent Refinement Workers: 8
 Periodic GC: Disabled
Heap:
 garbage-first heap   total 56320K, used 39294K [0x0000000081c00000, 0x0000000100000000)
  region size 1024K, 20 young (20480K), 3 survivors (3072K)
 Metaspace       used 47707K, committed 48128K, reserved 1114112K
  class space    used 6234K, committed 6400K, reserved 1048576K
GC Heap History (20 events):
Event: 2.696 GC heap before
{Heap before GC invocations=1 (full 0):
 garbage-first heap   total 131072K, used 28821K [0x0000000081c00000, 0x0000000100000000)
  region size 1024K, 25 young (25600K), 3 survivors (3072K)
 Metaspace       used 12304K, committed 12608K, reserved 1114112K
  class space    used 1451K, committed 1600K, reserved 1048576K
}
Event: 2.703 GC heap after
{Heap after GC invocations=2 (full 0):
 garbage-first heap   total 131072K, used 8895K [0x0000000081c00000, 0x0000000100000000)
  region size 1024K, 2 young (2048K), 2 survivors (2048K)
 Metaspace       used 12304K, committed 12608K, reserved 1114112K
  class space    used 1451K, committed 1600K, reserved 1048576K
}
Event: 4.236 GC heap before
{Heap before GC invocations=2 (full 0):
 garbage-first heap   total 131072K, used 58047K [0x0000000081c00000, 0x0000000100000000)
  region size 1024K, 51 young (52224K), 2 survivors (2048K)
 Metaspace       used 20882K, committed 21120K, reserved 1114112K
  class space    used 2517K, committed 2624K, reserved 1048576K
}
Event: 4.243 GC heap after
{Heap after GC invocations=3 (full 0):
 garbage-first heap   total 131072K, used 12118K [0x0000000081c00000, 0x0000000100000000)
  region size 1024K, 5 young (5120K), 5 survivors (5120K)
 Metaspace       used 20882K, committed 21120K, reserved 1114112K
  class space    used 2517K, committed 2624K, reserved 1048576K
}
Event: 4.312 GC heap before
{Heap before GC invocations=3 (full 0):
 garbage-first heap   total 131072K, used 14166K [0x0000000081c00000, 0x0000000100000000)
  region size 1024K, 8 young (8192K), 5 survivors (5120K)
 Metaspace       used 21246K, committed 21504K, reserved 1114112K
  class space    used 2573K, committed 2688K, reserved 1048576K
}
Event: 4.317 GC heap after
{Heap after GC invocations=4 (full 0):
 garbage-first heap   total 131072K, used 12298K [0x0000000081c00000, 0x0000000100000000)
  region size 1024K, 5 young (5120K), 5 survivors (5120K)
 Metaspace       used 21246K, committed 21504K, reserved 1114112K
  class space    used 2573K, committed 2688K, reserved 1048576K
}
Event: 5.486 GC heap before
{Heap before GC invocations=5 (full 0):
 garbage-first heap   total 48128K, used 47114K [0x0000000081c00000, 0x0000000100000000)
  region size 1024K, 39 young (39936K), 5 survivors (5120K)
 Metaspace       used 28438K, committed 28736K, reserved 1114112K
  class space    used 3506K, committed 3648K, reserved 1048576K
}
Event: 5.497 GC heap after
{Heap after GC invocations=6 (full 0):
 garbage-first heap   total 56320K, used 15671K [0x0000000081c00000, 0x0000000100000000)
  region size 1024K, 8 young (8192K), 8 survivors (8192K)
 Metaspace       used 28438K, committed 28736K, reserved 1114112K
  class space    used 3506K, committed 3648K, reserved 1048576K
}
Event: 5.532 GC heap before
{Heap before GC invocations=6 (full 0):
 garbage-first heap   total 56320K, used 16695K [0x0000000081c00000, 0x0000000100000000)
  region size 1024K, 9 young (9216K), 8 survivors (8192K)
 Metaspace       used 28703K, committed 29056K, reserved 1114112K
  class space    used 3539K, committed 3712K, reserved 1048576K
}
Event: 5.538 GC heap after
{Heap after GC invocations=7 (full 0):
 garbage-first heap   total 56320K, used 16348K [0x0000000081c00000, 0x0000000100000000)
  region size 1024K, 1 young (1024K), 1 survivors (1024K)
 Metaspace       used 28703K, committed 29056K, reserved 1114112K
  class space    used 3539K, committed 3712K, reserved 1048576K
}
Event: 6.200 GC heap before
{Heap before GC invocations=7 (full 0):
 garbage-first heap   total 56320K, used 38876K [0x0000000081c00000, 0x0000000100000000)
  region size 1024K, 24 young (24576K), 1 survivors (1024K)
 Metaspace       used 35755K, committed 36096K, reserved 1114112K
  class space    used 4587K, committed 4736K, reserved 1048576K
}
Event: 6.202 GC heap after
{Heap after GC invocations=8 (full 0):
 garbage-first heap   total 56320K, used 17505K [0x0000000081c00000, 0x0000000100000000)
  region size 1024K, 3 young (3072K), 3 survivors (3072K)
 Metaspace       used 35755K, committed 36096K, reserved 1114112K
  class space    used 4587K, committed 4736K, reserved 1048576K
}
Event: 6.204 GC heap before
{Heap before GC invocations=8 (full 0):
 garbage-first heap   total 56320K, used 17505K [0x0000000081c00000, 0x0000000100000000)
  region size 1024K, 4 young (4096K), 3 survivors (3072K)
 Metaspace       used 35779K, committed 36096K, reserved 1114112K
  class space    used 4591K, committed 4736K, reserved 1048576K
}
Event: 6.206 GC heap after
{Heap after GC invocations=9 (full 0):
 garbage-first heap   total 56320K, used 17553K [0x0000000081c00000, 0x0000000100000000)
  region size 1024K, 3 young (3072K), 3 survivors (3072K)
 Metaspace       used 35779K, committed 36096K, reserved 1114112K
  class space    used 4591K, committed 4736K, reserved 1048576K
}
Event: 6.878 GC heap before
{Heap before GC invocations=10 (full 0):
 garbage-first heap   total 56320K, used 41105K [0x0000000081c00000, 0x0000000100000000)
  region size 1024K, 27 young (27648K), 3 survivors (3072K)
 Metaspace       used 42227K, committed 42624K, reserved 1114112K
  class space    used 5578K, committed 5760K, reserved 1048576K
}
Event: 6.881 GC heap after
{Heap after GC invocations=11 (full 0):
 garbage-first heap   total 56320K, used 19196K [0x0000000081c00000, 0x0000000100000000)
  region size 1024K, 4 young (4096K), 4 survivors (4096K)
 Metaspace       used 42227K, committed 42624K, reserved 1114112K
  class space    used 5578K, committed 5760K, reserved 1048576K
}
Event: 7.496 GC heap before
{Heap before GC invocations=11 (full 0):
 garbage-first heap   total 56320K, used 42748K [0x0000000081c00000, 0x0000000100000000)
  region size 1024K, 27 young (27648K), 4 survivors (4096K)
 Metaspace       used 45668K, committed 46144K, reserved 1114112K
  class space    used 6063K, committed 6272K, reserved 1048576K
}
Event: 7.503 GC heap after
{Heap after GC invocations=12 (full 0):
 garbage-first heap   total 56320K, used 21677K [0x0000000081c00000, 0x0000000100000000)
  region size 1024K, 4 young (4096K), 4 survivors (4096K)
 Metaspace       used 45668K, committed 46144K, reserved 1114112K
  class space    used 6063K, committed 6272K, reserved 1048576K
}
Event: 13398.546 GC heap before
{Heap before GC invocations=12 (full 0):
 garbage-first heap   total 56320K, used 41133K [0x0000000081c00000, 0x0000000100000000)
  region size 1024K, 24 young (24576K), 4 survivors (4096K)
 Metaspace       used 46501K, committed 46912K, reserved 1114112K
  class space    used 6124K, committed 6336K, reserved 1048576K
}
Event: 13398.565 GC heap after
{Heap after GC invocations=13 (full 0):
 garbage-first heap   total 56320K, used 23934K [0x0000000081c00000, 0x0000000100000000)
  region size 1024K, 3 young (3072K), 3 survivors (3072K)
 Metaspace       used 46501K, committed 46912K, reserved 1114112K
  class space    used 6124K, committed 6336K, reserved 1048576K
}

